[23:17:46.433][INFO]: Successfully identified and loaded plugin botania:default
[23:17:46.443][INFO]: Successfully identified and loaded plugin jeitweaker:default
[23:17:46.501][INFO]: Successfully identified and loaded plugin crafttweaker:builtin
[23:17:46.505][INFO]: Successfully identified and loaded plugin crafttweaker:builtin_forge
[23:17:46.510][INFO]: Successfully identified and loaded plugin mekanism:crt_plugin
[23:17:47.948][INFO]: The following mods have explicit CraftTweaker support through the default plugin:
[23:17:47.949][INFO]: - 'botania' at version '1.18.2-434'
[23:17:47.949][INFO]: - 'crafttweaker' at version '9.1.197'
[23:17:47.949][INFO]: - 'createtweaker' at version '2.0.0.17'
[23:17:47.949][INFO]: - 'initialinventory' at version '6.0.8'
[23:17:47.949][INFO]: - 'jeitweaker' at version '3.0.0.9'
[23:17:47.949][INFO]: - 'mekanism' at version '10.2.5'
[23:17:47.949][INFO]: - 'thermal' at version '1.6.3.28'
[23:17:47.949][INFO]: - 'thermal_foundation' at version '1.6.3.28'
[23:17:52.212][INFO]: Started loading scripts for loader 'mekanismcontent'
[23:17:52.385][INFO]: Compiling and executing scripts
[23:17:52.710][INFO]: Successfully initialized modules [mods, crafttweaker, expansions]
[23:17:52.711][INFO]: Loading file 'MekanismCustom.zs' with priority 0
[23:17:52.714][ERROR]: Error while compiling scripts: 
org.openzen.zencode.shared.CompileException: MekanismCustom.zs:10:0: Could not find type crafttweaker.api.util.MCResourceLocation
	at TRANSFORMER/crafttweaker@9.1.197/org.openzen.zenscript.parser.ParsedFile.loadImports(ParsedFile.java:337)
	at TRANSFORMER/crafttweaker@9.1.197/org.openzen.zenscript.parser.ParsedFile.compileCode(ParsedFile.java:303)
	at TRANSFORMER/crafttweaker@9.1.197/org.openzen.zenscript.parser.ParsedFile.compileSyntaxToSemantic(ParsedFile.java:126)
	at TRANSFORMER/crafttweaker@9.1.197/org.openzen.zencode.java.ScriptingEngine.createScriptedModule(ScriptingEngine.java:132)
	at TRANSFORMER/crafttweaker@9.1.197/com.blamejared.crafttweaker.impl.script.scriptrun.runner.ScriptRunner.runScripts(ScriptRunner.java:86)
	at TRANSFORMER/crafttweaker@9.1.197/com.blamejared.crafttweaker.impl.script.scriptrun.runner.ScriptRunner.run(ScriptRunner.java:69)
	at TRANSFORMER/crafttweaker@9.1.197/com.blamejared.crafttweaker.impl.script.scriptrun.DecoratedRunKind$DecoratedScriptRunner.run(DecoratedRunKind.java:27)
	at TRANSFORMER/crafttweaker@9.1.197/com.blamejared.crafttweaker.impl.script.scriptrun.ScriptRun.executeRun(ScriptRun.java:88)
	at TRANSFORMER/crafttweaker@9.1.197/com.blamejared.crafttweaker.impl.script.scriptrun.ScriptRun.execute(ScriptRun.java:54)
	at TRANSFORMER/mekanism@10.2.5/mekanism.common.integration.crafttweaker.content.CrTContentUtils.registerCrTGases(CrTContentUtils.java:101)
	at MC-BOOTSTRAP/eventbus@5.0.3/net.minecraftforge.eventbus.EventBus.doCastFilter(EventBus.java:247)
	at MC-BOOTSTRAP/eventbus@5.0.3/net.minecraftforge.eventbus.EventBus.lambda$addListener$11(EventBus.java:239)
	at MC-BOOTSTRAP/eventbus@5.0.3/net.minecraftforge.eventbus.EventBus.post(EventBus.java:302)
	at MC-BOOTSTRAP/eventbus@5.0.3/net.minecraftforge.eventbus.EventBus.post(EventBus.java:283)
	at LAYER PLUGIN/javafmllanguage@1.18.2-40.1.61/net.minecraftforge.fml.javafmlmod.FMLModContainer.acceptEvent(FMLModContainer.java:106)
	at LAYER PLUGIN/fmlcore@1.18.2-40.1.61/net.minecraftforge.fml.ModContainer.lambda$buildTransitionHandler$4(ModContainer.java:107)
	at java.base/java.util.concurrent.CompletableFuture$AsyncRun.run(CompletableFuture.java:1804)
	at LAYER PLUGIN/fmlcore@1.18.2-40.1.61/net.minecraftforge.fml.ModWorkManager$SyncExecutor.driveOne(ModWorkManager.java:42)
	at LAYER PLUGIN/fmlcore@1.18.2-40.1.61/net.minecraftforge.fml.ModWorkManager$DrivenExecutor.drive(ModWorkManager.java:26)
	at LAYER PLUGIN/fmlcore@1.18.2-40.1.61/net.minecraftforge.fml.ModLoader.waitForTransition(ModLoader.java:202)
	at LAYER PLUGIN/fmlcore@1.18.2-40.1.61/net.minecraftforge.fml.ModLoader.lambda$dispatchAndHandleError$21(ModLoader.java:187)
	at java.base/java.util.Optional.ifPresent(Optional.java:178)
	at LAYER PLUGIN/fmlcore@1.18.2-40.1.61/net.minecraftforge.fml.ModLoader.dispatchAndHandleError(ModLoader.java:187)
	at LAYER PLUGIN/fmlcore@1.18.2-40.1.61/net.minecraftforge.fml.ModLoader.lambda$gatherAndInitializeMods$11(ModLoader.java:164)
	at java.base/java.lang.Iterable.forEach(Iterable.java:75)
	at LAYER PLUGIN/fmlcore@1.18.2-40.1.61/net.minecraftforge.fml.ModLoader.gatherAndInitializeMods(ModLoader.java:164)
	at TRANSFORMER/forge@40.1.61/net.minecraftforge.client.loading.ClientModLoader.lambda$begin$1(ClientModLoader.java:92)
	at TRANSFORMER/forge@40.1.61/net.minecraftforge.client.loading.ClientModLoader.lambda$createRunnableWithCatch$4(ClientModLoader.java:112)
	at TRANSFORMER/forge@40.1.61/net.minecraftforge.client.loading.ClientModLoader.begin(ClientModLoader.java:92)
	at TRANSFORMER/minecraft@1.18.2/net.minecraft.client.Minecraft.<init>(Minecraft.java:458)
	at TRANSFORMER/minecraft@1.18.2/net.minecraft.client.main.Main.main(Main.java:169)
	at java.base/jdk.internal.reflect.DirectMethodHandleAccessor.invoke(DirectMethodHandleAccessor.java:104)
	at java.base/java.lang.reflect.Method.invoke(Method.java:577)
	at MC-BOOTSTRAP/fmlloader@1.18.2-40.1.61/net.minecraftforge.fml.loading.targets.CommonClientLaunchHandler.lambda$launchService$0(CommonClientLaunchHandler.java:31)
	at MC-BOOTSTRAP/cpw.mods.modlauncher@9.1.3/cpw.mods.modlauncher.LaunchServiceHandlerDecorator.launch(LaunchServiceHandlerDecorator.java:37)
	at MC-BOOTSTRAP/cpw.mods.modlauncher@9.1.3/cpw.mods.modlauncher.LaunchServiceHandler.launch(LaunchServiceHandler.java:53)
	at MC-BOOTSTRAP/cpw.mods.modlauncher@9.1.3/cpw.mods.modlauncher.LaunchServiceHandler.launch(LaunchServiceHandler.java:71)
	at MC-BOOTSTRAP/cpw.mods.modlauncher@9.1.3/cpw.mods.modlauncher.Launcher.run(Launcher.java:106)
	at MC-BOOTSTRAP/cpw.mods.modlauncher@9.1.3/cpw.mods.modlauncher.Launcher.main(Launcher.java:77)
	at MC-BOOTSTRAP/cpw.mods.modlauncher@9.1.3/cpw.mods.modlauncher.BootstrapLaunchConsumer.accept(BootstrapLaunchConsumer.java:26)
	at MC-BOOTSTRAP/cpw.mods.modlauncher@9.1.3/cpw.mods.modlauncher.BootstrapLaunchConsumer.accept(BootstrapLaunchConsumer.java:23)
	at cpw.mods.bootstraplauncher@1.0.0/cpw.mods.bootstraplauncher.BootstrapLauncher.main(BootstrapLauncher.java:149)
	at java.base/jdk.internal.reflect.DirectMethodHandleAccessor.invoke(DirectMethodHandleAccessor.java:104)
	at java.base/java.lang.reflect.Method.invoke(Method.java:577)
	at io.github.zekerzhayard.forgewrapper.installer.Main.main(Main.java:57)
	at java.base/jdk.internal.reflect.DirectMethodHandleAccessor.invoke(DirectMethodHandleAccessor.java:104)
	at java.base/java.lang.reflect.Method.invoke(Method.java:577)
	at org.multimc.onesix.OneSixLauncher.launchWithMainClass(OneSixLauncher.java:210)
	at org.multimc.onesix.OneSixLauncher.launch(OneSixLauncher.java:245)
	at org.multimc.EntryPoint.listen(EntryPoint.java:143)
	at org.multimc.EntryPoint.main(EntryPoint.java:34)
[23:17:52.788][INFO]: Queueing Infuse Type 'crafttweaker:the_vault_larimar' for registration.
[23:17:52.788][INFO]: Queueing Infuse Type 'crafttweaker:the_vault_echo' for registration.
[23:17:52.788][INFO]: Queueing Slurry 'crafttweaker:the_vault_clean_chromatic_iron_slurry' for registration.
[23:17:52.788][INFO]: Queueing Slurry 'crafttweaker:the_vault_dirty_chromatic_iron_slurry' for registration.
[23:17:52.789][INFO]: Execution for loader 'mekanismcontent' completed successfully
[23:17:52.789][INFO]: Registering 0 custom gases.
[23:17:52.793][INFO]: Registering 2 custom infuse types.
[23:17:52.793][INFO]: Registered Infuse Type: 'crafttweaker:the_vault_echo'.
[23:17:52.793][INFO]: Registered Infuse Type: 'crafttweaker:the_vault_larimar'.
[23:17:52.797][INFO]: Registering 0 custom pigments.
[23:17:52.800][INFO]: Registering 0 custom robit skins.
[23:17:52.801][INFO]: Registering 2 custom slurries.
[23:17:52.801][INFO]: Registered Slurry: 'crafttweaker:the_vault_dirty_chromatic_iron_slurry'.
[23:17:52.801][INFO]: Registered Slurry: 'crafttweaker:the_vault_clean_chromatic_iron_slurry'.
[23:17:56.773][INFO]: Started loading scripts for loader 'initialize'
[23:17:56.795][INFO]: Compiling and executing scripts
[23:17:56.797][INFO]: Successfully initialized modules [crafttweaker, expansions]
[23:17:56.822][INFO]: Execution for loader 'initialize' completed successfully
